Build started 12/2/2015 2:51:00 PM.
     1>Project "E:\College 2015-2016\YanevMilush_CSC117A_48983\Homework\YanevMilush_CSC117A_48983\Homework\HW15.4\HW15.4\HW15.4.vcxproj" on node 2 (Build target(s)).
     1>ClCompile:
         C:\Program Files (x86)\VC\bin\CL.exe /c /ZI /nologo /W3 /WX- /sdl /Od /Oy- /D WIN32 /D _DEBUG /D _CONSOLE /D _LIB /D _UNICODE /D UNICODE /Gm /EHsc /RTC1 /MDd /GS /fp:precise /Zc:wchar_t /Zc:forScope /Fo"Debug\\" /Fd"Debug\vc120.pdb" /Gd /TP /analyze- /errorReport:prompt MilTime.cpp main.cpp
         main.cpp
     1>e:\college 2015-2016\yanevmilush_csc117a_48983\homework\yanevmilush_csc117a_48983\homework\hw15.4\hw15.4\miltime.h(13): error C2146: syntax error : missing ';' before identifier 'getStandHr'
     1>e:\college 2015-2016\yanevmilush_csc117a_48983\homework\yanevmilush_csc117a_48983\homework\hw15.4\hw15.4\miltime.h(13): error C4430: missing type specifier - int assumed. Note: C++ does not support default-int
     1>e:\college 2015-2016\yanevmilush_csc117a_48983\homework\yanevmilush_csc117a_48983\homework\hw15.4\hw15.4\miltime.h(13): warning C4183: 'getStandHr': missing return type; assumed to be a member function returning 'int'
         MilTime.cpp
     1>e:\college 2015-2016\yanevmilush_csc117a_48983\homework\yanevmilush_csc117a_48983\homework\hw15.4\hw15.4\miltime.h(13): error C2146: syntax error : missing ';' before identifier 'getStandHr'
     1>e:\college 2015-2016\yanevmilush_csc117a_48983\homework\yanevmilush_csc117a_48983\homework\hw15.4\hw15.4\miltime.h(13): error C4430: missing type specifier - int assumed. Note: C++ does not support default-int
     1>e:\college 2015-2016\yanevmilush_csc117a_48983\homework\yanevmilush_csc117a_48983\homework\hw15.4\hw15.4\miltime.h(13): warning C4183: 'getStandHr': missing return type; assumed to be a member function returning 'int'
     1>e:\college 2015-2016\yanevmilush_csc117a_48983\homework\yanevmilush_csc117a_48983\homework\hw15.4\hw15.4\miltime.cpp(29): error C2556: 'std::string MilTime::getStandHr(void) const' : overloaded function differs only by return type from 'int MilTime::getStandHr(void) const'
                 e:\college 2015-2016\yanevmilush_csc117a_48983\homework\yanevmilush_csc117a_48983\homework\hw15.4\hw15.4\miltime.h(13) : see declaration of 'MilTime::getStandHr'
     1>e:\college 2015-2016\yanevmilush_csc117a_48983\homework\yanevmilush_csc117a_48983\homework\hw15.4\hw15.4\miltime.cpp(29): error C2371: 'MilTime::getStandHr' : redefinition; different basic types
                 e:\college 2015-2016\yanevmilush_csc117a_48983\homework\yanevmilush_csc117a_48983\homework\hw15.4\hw15.4\miltime.h(13) : see declaration of 'MilTime::getStandHr'
         Generating Code...
     1>Done Building Project "E:\College 2015-2016\YanevMilush_CSC117A_48983\Homework\YanevMilush_CSC117A_48983\Homework\HW15.4\HW15.4\HW15.4.vcxproj" (Build target(s)) -- FAILED.

Build FAILED.

Time Elapsed 00:00:00.36
